<?xml version="1.0" encoding="UTF-8"?>
<!-- Generated by org.testng.reporters.JUnitReportReporter -->
<testsuite hostname="Shivraj" failures="0" tests="2" name="practice.AppiumFramework.TC02_APIDemoApk" time="56.643" errors="0" timestamp="2021-08-19T17:47:14 CEST" skipped="0">
  <testcase classname="practice.AppiumFramework.TC02_APIDemoApk" name="apiDemo" time="27.115"/>
  <system-out/>
  <testcase classname="practice.AppiumFramework.TC02_APIDemoApk" name="apiDemo" time="29.528"/>
  <system-out/>
</testsuite> <!-- practice.AppiumFramework.TC02_APIDemoApk -->
