<?xml version="1.0" encoding="UTF-8"?>
<!-- Generated by org.testng.reporters.JUnitReportReporter -->
<testsuite hostname="Shivraj" failures="0" tests="1" name="practice.AppiumFramework.TC01_SumOfItems" time="42.727" errors="0" timestamp="2021-08-19T17:47:14 CEST" skipped="0">
  <testcase classname="practice.AppiumFramework.TC01_SumOfItems" name="totalValidation" time="42.727"/>
  <system-out/>
</testsuite> <!-- practice.AppiumFramework.TC01_SumOfItems -->
