<?xml version="1.0" encoding="UTF-8"?>
<!-- Generated by org.testng.reporters.JUnitReportReporter -->
<testsuite skipped="0" hostname="Shivraj" name="practice.AppiumFramework.TC01_SumOfItems" tests="1" failures="0" timestamp="2021-08-20T11:38:44 CEST" time="37.993" errors="0">
  <testcase name="totalValidation" time="37.993" classname="practice.AppiumFramework.TC01_SumOfItems"/>
  <system-out/>
</testsuite> <!-- practice.AppiumFramework.TC01_SumOfItems -->
