<?xml version="1.0" encoding="UTF-8"?>
<!-- Generated by org.testng.reporters.JUnitReportReporter -->
<testsuite skipped="0" hostname="Shivraj" name="practice.AppiumFramework.TC02_APIDemoApk" tests="2" failures="0" timestamp="2021-08-20T11:38:44 CEST" time="54.714" errors="0">
  <testcase name="apiDemo" time="28.443" classname="practice.AppiumFramework.TC02_APIDemoApk"/>
  <system-out/>
  <testcase name="apiDemo" time="26.271" classname="practice.AppiumFramework.TC02_APIDemoApk"/>
  <system-out/>
</testsuite> <!-- practice.AppiumFramework.TC02_APIDemoApk -->
